14 Jan, 2013 6:29:32 AM org.apache.catalina.core.AprLifecycleListener init
INFO: The APR based Apache Tomcat Native library which allows optimal performance in production environments was not found on the java.library.path: /usr/lib/jvm/java-6-sun-1.6.0.32/jre/lib/amd64/server:/usr/lib/jvm/java-6-sun-1.6.0.32/jre/lib/amd64:/usr/lib/jvm/java-6-sun-1.6.0.32/jre/../lib/amd64:/usr/java/packages/lib/amd64:/usr/lib64:/lib64:/lib:/usr/lib
14 Jan, 2013 6:29:32 AM org.apache.coyote.AbstractProtocol init
INFO: Initializing ProtocolHandler ["http-bio-8080"]
14 Jan, 2013 6:29:32 AM org.apache.coyote.AbstractProtocol init
INFO: Initializing ProtocolHandler ["ajp-bio-8009"]
14 Jan, 2013 6:29:32 AM org.apache.catalina.startup.Catalina load
INFO: Initialization processed in 498 ms
14 Jan, 2013 6:29:32 AM org.apache.catalina.core.StandardService startInternal
INFO: Starting service Catalina
14 Jan, 2013 6:29:32 AM org.apache.catalina.core.StandardEngine startInternal
INFO: Starting Servlet Engine: Apache Tomcat/7.0.32
14 Jan, 2013 6:29:32 AM org.apache.catalina.startup.HostConfig deployWAR
INFO: Deploying web application archive /home/unmesh/work/projects/flightbooking/tools/apache-tomcat-7.0.32/webapps/flightbooking.war
14 Jan, 2013 6:29:34 AM org.apache.catalina.core.ContainerBase addChildInternal
SEVERE: ContainerBase.addChild: start: 
org.apache.catalina.LifecycleException: Failed to start component [StandardEngine[Catalina].StandardHost[localhost].StandardContext[/flightbooking]]
	at org.apache.catalina.util.LifecycleBase.start(LifecycleBase.java:154)
	at org.apache.catalina.core.ContainerBase.addChildInternal(ContainerBase.java:901)
	at org.apache.catalina.core.ContainerBase.addChild(ContainerBase.java:877)
	at org.apache.catalina.core.StandardHost.addChild(StandardHost.java:633)
	at org.apache.catalina.startup.HostConfig.deployWAR(HostConfig.java:968)
	at org.apache.catalina.startup.HostConfig$DeployWar.run(HostConfig.java:1646)
	at java.util.concurrent.Executors$RunnableAdapter.call(Executors.java:441)
	at java.util.concurrent.FutureTask$Sync.innerRun(FutureTask.java:303)
	at java.util.concurrent.FutureTask.run(FutureTask.java:138)
	at java.util.concurrent.ThreadPoolExecutor$Worker.runTask(ThreadPoolExecutor.java:886)
	at java.util.concurrent.ThreadPoolExecutor$Worker.run(ThreadPoolExecutor.java:908)
	at java.lang.Thread.run(Thread.java:662)
Caused by: java.lang.IllegalArgumentException: Invalid <url-pattern> * in servlet mapping
	at org.apache.catalina.core.StandardContext.addServletMapping(StandardContext.java:3217)
	at org.apache.catalina.core.StandardContext.addServletMapping(StandardContext.java:3192)
	at org.apache.catalina.deploy.WebXml.configureContext(WebXml.java:1305)
	at org.apache.catalina.startup.ContextConfig.webConfig(ContextConfig.java:1349)
	at org.apache.catalina.startup.ContextConfig.configureStart(ContextConfig.java:878)
	at org.apache.catalina.startup.ContextConfig.lifecycleEvent(ContextConfig.java:369)
	at org.apache.catalina.util.LifecycleSupport.fireLifecycleEvent(LifecycleSupport.java:119)
	at org.apache.catalina.util.LifecycleBase.fireLifecycleEvent(LifecycleBase.java:90)
	at org.apache.catalina.core.StandardContext.startInternal(StandardContext.java:5173)
	at org.apache.catalina.util.LifecycleBase.start(LifecycleBase.java:150)
	... 11 more
14 Jan, 2013 6:29:34 AM org.apache.catalina.startup.HostConfig deployWAR
SEVERE: Error deploying web application archive /home/unmesh/work/projects/flightbooking/tools/apache-tomcat-7.0.32/webapps/flightbooking.war
java.lang.IllegalStateException: ContainerBase.addChild: start: org.apache.catalina.LifecycleException: Failed to start component [StandardEngine[Catalina].StandardHost[localhost].StandardContext[/flightbooking]]
	at org.apache.catalina.core.ContainerBase.addChildInternal(ContainerBase.java:904)
	at org.apache.catalina.core.ContainerBase.addChild(ContainerBase.java:877)
	at org.apache.catalina.core.StandardHost.addChild(StandardHost.java:633)
	at org.apache.catalina.startup.HostConfig.deployWAR(HostConfig.java:968)
	at org.apache.catalina.startup.HostConfig$DeployWar.run(HostConfig.java:1646)
	at java.util.concurrent.Executors$RunnableAdapter.call(Executors.java:441)
	at java.util.concurrent.FutureTask$Sync.innerRun(FutureTask.java:303)
	at java.util.concurrent.FutureTask.run(FutureTask.java:138)
	at java.util.concurrent.ThreadPoolExecutor$Worker.runTask(ThreadPoolExecutor.java:886)
	at java.util.concurrent.ThreadPoolExecutor$Worker.run(ThreadPoolExecutor.java:908)
	at java.lang.Thread.run(Thread.java:662)
14 Jan, 2013 6:29:34 AM org.apache.catalina.startup.HostConfig deployDirectory
INFO: Deploying web application directory /home/unmesh/work/projects/flightbooking/tools/apache-tomcat-7.0.32/webapps/docs
14 Jan, 2013 6:29:35 AM org.apache.catalina.startup.HostConfig deployDirectory
INFO: Deploying web application directory /home/unmesh/work/projects/flightbooking/tools/apache-tomcat-7.0.32/webapps/examples
14 Jan, 2013 6:29:35 AM org.apache.catalina.startup.HostConfig deployDirectory
INFO: Deploying web application directory /home/unmesh/work/projects/flightbooking/tools/apache-tomcat-7.0.32/webapps/ROOT
14 Jan, 2013 6:29:35 AM org.apache.catalina.startup.HostConfig deployDirectory
INFO: Deploying web application directory /home/unmesh/work/projects/flightbooking/tools/apache-tomcat-7.0.32/webapps/manager
14 Jan, 2013 6:29:35 AM org.apache.catalina.startup.HostConfig deployDirectory
INFO: Deploying web application directory /home/unmesh/work/projects/flightbooking/tools/apache-tomcat-7.0.32/webapps/host-manager
14 Jan, 2013 6:29:35 AM org.apache.coyote.AbstractProtocol start
INFO: Starting ProtocolHandler ["http-bio-8080"]
14 Jan, 2013 6:29:35 AM org.apache.coyote.AbstractProtocol start
INFO: Starting ProtocolHandler ["ajp-bio-8009"]
14 Jan, 2013 6:29:35 AM org.apache.catalina.startup.Catalina start
INFO: Server startup in 2505 ms
14 Jan, 2013 6:29:36 AM org.apache.catalina.core.StandardServer await
INFO: A valid shutdown command was received via the shutdown port. Stopping the Server instance.
14 Jan, 2013 6:29:36 AM org.apache.coyote.AbstractProtocol pause
INFO: Pausing ProtocolHandler ["http-bio-8080"]
14 Jan, 2013 6:29:36 AM org.apache.coyote.AbstractProtocol pause
INFO: Pausing ProtocolHandler ["ajp-bio-8009"]
14 Jan, 2013 6:29:36 AM org.apache.catalina.core.StandardService stopInternal
INFO: Stopping service Catalina
14 Jan, 2013 6:29:36 AM org.apache.coyote.AbstractProtocol stop
INFO: Stopping ProtocolHandler ["http-bio-8080"]
14 Jan, 2013 6:29:36 AM org.apache.coyote.AbstractProtocol stop
INFO: Stopping ProtocolHandler ["ajp-bio-8009"]
14 Jan, 2013 6:29:36 AM org.apache.coyote.AbstractProtocol destroy
INFO: Destroying ProtocolHandler ["http-bio-8080"]
14 Jan, 2013 6:29:36 AM org.apache.coyote.AbstractProtocol destroy
INFO: Destroying ProtocolHandler ["ajp-bio-8009"]
14 Jan, 2013 6:29:40 AM org.apache.catalina.core.AprLifecycleListener init
INFO: The APR based Apache Tomcat Native library which allows optimal performance in production environments was not found on the java.library.path: /usr/lib/jvm/java-6-sun-1.6.0.32/jre/lib/amd64/server:/usr/lib/jvm/java-6-sun-1.6.0.32/jre/lib/amd64:/usr/lib/jvm/java-6-sun-1.6.0.32/jre/../lib/amd64:/usr/java/packages/lib/amd64:/usr/lib64:/lib64:/lib:/usr/lib
14 Jan, 2013 6:29:40 AM org.apache.coyote.AbstractProtocol init
INFO: Initializing ProtocolHandler ["http-bio-8080"]
14 Jan, 2013 6:29:40 AM org.apache.coyote.AbstractProtocol init
INFO: Initializing ProtocolHandler ["ajp-bio-8009"]
14 Jan, 2013 6:29:40 AM org.apache.catalina.startup.Catalina load
INFO: Initialization processed in 446 ms
14 Jan, 2013 6:29:40 AM org.apache.catalina.core.StandardService startInternal
INFO: Starting service Catalina
14 Jan, 2013 6:29:40 AM org.apache.catalina.core.StandardEngine startInternal
INFO: Starting Servlet Engine: Apache Tomcat/7.0.32
14 Jan, 2013 6:29:40 AM org.apache.catalina.startup.HostConfig deployWAR
INFO: Deploying web application archive /home/unmesh/work/projects/flightbooking/tools/apache-tomcat-7.0.32/webapps/flightbooking.war
14 Jan, 2013 6:29:42 AM org.apache.catalina.core.ContainerBase addChildInternal
SEVERE: ContainerBase.addChild: start: 
org.apache.catalina.LifecycleException: Failed to start component [StandardEngine[Catalina].StandardHost[localhost].StandardContext[/flightbooking]]
	at org.apache.catalina.util.LifecycleBase.start(LifecycleBase.java:154)
	at org.apache.catalina.core.ContainerBase.addChildInternal(ContainerBase.java:901)
	at org.apache.catalina.core.ContainerBase.addChild(ContainerBase.java:877)
	at org.apache.catalina.core.StandardHost.addChild(StandardHost.java:633)
	at org.apache.catalina.startup.HostConfig.deployWAR(HostConfig.java:968)
	at org.apache.catalina.startup.HostConfig$DeployWar.run(HostConfig.java:1646)
	at java.util.concurrent.Executors$RunnableAdapter.call(Executors.java:441)
	at java.util.concurrent.FutureTask$Sync.innerRun(FutureTask.java:303)
	at java.util.concurrent.FutureTask.run(FutureTask.java:138)
	at java.util.concurrent.ThreadPoolExecutor$Worker.runTask(ThreadPoolExecutor.java:886)
	at java.util.concurrent.ThreadPoolExecutor$Worker.run(ThreadPoolExecutor.java:908)
	at java.lang.Thread.run(Thread.java:662)
Caused by: java.lang.IllegalArgumentException: Invalid <url-pattern> * in servlet mapping
	at org.apache.catalina.core.StandardContext.addServletMapping(StandardContext.java:3217)
	at org.apache.catalina.core.StandardContext.addServletMapping(StandardContext.java:3192)
	at org.apache.catalina.deploy.WebXml.configureContext(WebXml.java:1305)
	at org.apache.catalina.startup.ContextConfig.webConfig(ContextConfig.java:1349)
	at org.apache.catalina.startup.ContextConfig.configureStart(ContextConfig.java:878)
	at org.apache.catalina.startup.ContextConfig.lifecycleEvent(ContextConfig.java:369)
	at org.apache.catalina.util.LifecycleSupport.fireLifecycleEvent(LifecycleSupport.java:119)
	at org.apache.catalina.util.LifecycleBase.fireLifecycleEvent(LifecycleBase.java:90)
	at org.apache.catalina.core.StandardContext.startInternal(StandardContext.java:5173)
	at org.apache.catalina.util.LifecycleBase.start(LifecycleBase.java:150)
	... 11 more
14 Jan, 2013 6:29:42 AM org.apache.catalina.startup.HostConfig deployWAR
SEVERE: Error deploying web application archive /home/unmesh/work/projects/flightbooking/tools/apache-tomcat-7.0.32/webapps/flightbooking.war
java.lang.IllegalStateException: ContainerBase.addChild: start: org.apache.catalina.LifecycleException: Failed to start component [StandardEngine[Catalina].StandardHost[localhost].StandardContext[/flightbooking]]
	at org.apache.catalina.core.ContainerBase.addChildInternal(ContainerBase.java:904)
	at org.apache.catalina.core.ContainerBase.addChild(ContainerBase.java:877)
	at org.apache.catalina.core.StandardHost.addChild(StandardHost.java:633)
	at org.apache.catalina.startup.HostConfig.deployWAR(HostConfig.java:968)
	at org.apache.catalina.startup.HostConfig$DeployWar.run(HostConfig.java:1646)
	at java.util.concurrent.Executors$RunnableAdapter.call(Executors.java:441)
	at java.util.concurrent.FutureTask$Sync.innerRun(FutureTask.java:303)
	at java.util.concurrent.FutureTask.run(FutureTask.java:138)
	at java.util.concurrent.ThreadPoolExecutor$Worker.runTask(ThreadPoolExecutor.java:886)
	at java.util.concurrent.ThreadPoolExecutor$Worker.run(ThreadPoolExecutor.java:908)
	at java.lang.Thread.run(Thread.java:662)
14 Jan, 2013 6:29:42 AM org.apache.catalina.startup.HostConfig deployDirectory
INFO: Deploying web application directory /home/unmesh/work/projects/flightbooking/tools/apache-tomcat-7.0.32/webapps/docs
14 Jan, 2013 6:29:49 AM org.apache.catalina.util.SessionIdGenerator createSecureRandom
INFO: Creation of SecureRandom instance for session ID generation using [SHA1PRNG] took [6,234] milliseconds.
14 Jan, 2013 6:29:49 AM org.apache.catalina.startup.HostConfig deployDirectory
INFO: Deploying web application directory /home/unmesh/work/projects/flightbooking/tools/apache-tomcat-7.0.32/webapps/examples
14 Jan, 2013 6:29:49 AM org.apache.catalina.startup.HostConfig deployDirectory
INFO: Deploying web application directory /home/unmesh/work/projects/flightbooking/tools/apache-tomcat-7.0.32/webapps/ROOT
14 Jan, 2013 6:29:49 AM org.apache.catalina.startup.HostConfig deployDirectory
INFO: Deploying web application directory /home/unmesh/work/projects/flightbooking/tools/apache-tomcat-7.0.32/webapps/manager
14 Jan, 2013 6:30:12 AM org.apache.catalina.core.AprLifecycleListener init
INFO: The APR based Apache Tomcat Native library which allows optimal performance in production environments was not found on the java.library.path: /usr/lib/jvm/java-6-sun-1.6.0.32/jre/lib/amd64/server:/usr/lib/jvm/java-6-sun-1.6.0.32/jre/lib/amd64:/usr/lib/jvm/java-6-sun-1.6.0.32/jre/../lib/amd64:/usr/java/packages/lib/amd64:/usr/lib64:/lib64:/lib:/usr/lib
14 Jan, 2013 6:30:12 AM org.apache.coyote.AbstractProtocol init
INFO: Initializing ProtocolHandler ["http-bio-8080"]
14 Jan, 2013 6:30:12 AM org.apache.coyote.AbstractProtocol init
INFO: Initializing ProtocolHandler ["ajp-bio-8009"]
14 Jan, 2013 6:30:12 AM org.apache.catalina.startup.Catalina load
INFO: Initialization processed in 452 ms
14 Jan, 2013 6:30:12 AM org.apache.catalina.core.StandardService startInternal
INFO: Starting service Catalina
14 Jan, 2013 6:30:12 AM org.apache.catalina.core.StandardEngine startInternal
INFO: Starting Servlet Engine: Apache Tomcat/7.0.32
14 Jan, 2013 6:30:12 AM org.apache.catalina.startup.HostConfig deployWAR
INFO: Deploying web application archive /home/unmesh/work/projects/flightbooking/tools/apache-tomcat-7.0.32/webapps/flightbooking.war
14 Jan, 2013 6:30:14 AM org.apache.catalina.core.ContainerBase addChildInternal
SEVERE: ContainerBase.addChild: start: 
org.apache.catalina.LifecycleException: Failed to start component [StandardEngine[Catalina].StandardHost[localhost].StandardContext[/flightbooking]]
	at org.apache.catalina.util.LifecycleBase.start(LifecycleBase.java:154)
	at org.apache.catalina.core.ContainerBase.addChildInternal(ContainerBase.java:901)
	at org.apache.catalina.core.ContainerBase.addChild(ContainerBase.java:877)
	at org.apache.catalina.core.StandardHost.addChild(StandardHost.java:633)
	at org.apache.catalina.startup.HostConfig.deployWAR(HostConfig.java:968)
	at org.apache.catalina.startup.HostConfig$DeployWar.run(HostConfig.java:1646)
	at java.util.concurrent.Executors$RunnableAdapter.call(Executors.java:441)
	at java.util.concurrent.FutureTask$Sync.innerRun(FutureTask.java:303)
	at java.util.concurrent.FutureTask.run(FutureTask.java:138)
	at java.util.concurrent.ThreadPoolExecutor$Worker.runTask(ThreadPoolExecutor.java:886)
	at java.util.concurrent.ThreadPoolExecutor$Worker.run(ThreadPoolExecutor.java:908)
	at java.lang.Thread.run(Thread.java:662)
Caused by: java.lang.NoClassDefFoundError: Lorg/apache/commons/logging/Log;
	at java.lang.Class.getDeclaredFields0(Native Method)
	at java.lang.Class.privateGetDeclaredFields(Class.java:2291)
	at java.lang.Class.getDeclaredFields(Class.java:1743)
	at org.apache.catalina.util.Introspection.getDeclaredFields(Introspection.java:87)
	at org.apache.catalina.startup.WebAnnotationSet.loadFieldsAnnotation(WebAnnotationSet.java:261)
	at org.apache.catalina.startup.WebAnnotationSet.loadApplicationServletAnnotations(WebAnnotationSet.java:140)
	at org.apache.catalina.startup.WebAnnotationSet.loadApplicationAnnotations(WebAnnotationSet.java:67)
	at org.apache.catalina.startup.ContextConfig.applicationAnnotationsConfig(ContextConfig.java:405)
	at org.apache.catalina.startup.ContextConfig.configureStart(ContextConfig.java:881)
	at org.apache.catalina.startup.ContextConfig.lifecycleEvent(ContextConfig.java:369)
	at org.apache.catalina.util.LifecycleSupport.fireLifecycleEvent(LifecycleSupport.java:119)
	at org.apache.catalina.util.LifecycleBase.fireLifecycleEvent(LifecycleBase.java:90)
	at org.apache.catalina.core.StandardContext.startInternal(StandardContext.java:5173)
	at org.apache.catalina.util.LifecycleBase.start(LifecycleBase.java:150)
	... 11 more
Caused by: java.lang.ClassNotFoundException: org.apache.commons.logging.Log
	at org.apache.catalina.loader.WebappClassLoader.loadClass(WebappClassLoader.java:1714)
	at org.apache.catalina.loader.WebappClassLoader.loadClass(WebappClassLoader.java:1559)
	... 25 more
14 Jan, 2013 6:30:14 AM org.apache.catalina.startup.HostConfig deployWAR
SEVERE: Error deploying web application archive /home/unmesh/work/projects/flightbooking/tools/apache-tomcat-7.0.32/webapps/flightbooking.war
java.lang.IllegalStateException: ContainerBase.addChild: start: org.apache.catalina.LifecycleException: Failed to start component [StandardEngine[Catalina].StandardHost[localhost].StandardContext[/flightbooking]]
	at org.apache.catalina.core.ContainerBase.addChildInternal(ContainerBase.java:904)
	at org.apache.catalina.core.ContainerBase.addChild(ContainerBase.java:877)
	at org.apache.catalina.core.StandardHost.addChild(StandardHost.java:633)
	at org.apache.catalina.startup.HostConfig.deployWAR(HostConfig.java:968)
	at org.apache.catalina.startup.HostConfig$DeployWar.run(HostConfig.java:1646)
	at java.util.concurrent.Executors$RunnableAdapter.call(Executors.java:441)
	at java.util.concurrent.FutureTask$Sync.innerRun(FutureTask.java:303)
	at java.util.concurrent.FutureTask.run(FutureTask.java:138)
	at java.util.concurrent.ThreadPoolExecutor$Worker.runTask(ThreadPoolExecutor.java:886)
	at java.util.concurrent.ThreadPoolExecutor$Worker.run(ThreadPoolExecutor.java:908)
	at java.lang.Thread.run(Thread.java:662)
14 Jan, 2013 6:30:14 AM org.apache.catalina.startup.HostConfig deployDirectory
INFO: Deploying web application directory /home/unmesh/work/projects/flightbooking/tools/apache-tomcat-7.0.32/webapps/docs
14 Jan, 2013 6:30:14 AM org.apache.catalina.startup.HostConfig deployDirectory
INFO: Deploying web application directory /home/unmesh/work/projects/flightbooking/tools/apache-tomcat-7.0.32/webapps/examples
14 Jan, 2013 6:30:14 AM org.apache.catalina.startup.HostConfig deployDirectory
INFO: Deploying web application directory /home/unmesh/work/projects/flightbooking/tools/apache-tomcat-7.0.32/webapps/ROOT
14 Jan, 2013 6:30:14 AM org.apache.catalina.startup.HostConfig deployDirectory
INFO: Deploying web application directory /home/unmesh/work/projects/flightbooking/tools/apache-tomcat-7.0.32/webapps/manager
14 Jan, 2013 6:30:15 AM org.apache.catalina.startup.HostConfig deployDirectory
INFO: Deploying web application directory /home/unmesh/work/projects/flightbooking/tools/apache-tomcat-7.0.32/webapps/host-manager
14 Jan, 2013 6:30:15 AM org.apache.coyote.AbstractProtocol start
INFO: Starting ProtocolHandler ["http-bio-8080"]
14 Jan, 2013 6:30:15 AM org.apache.coyote.AbstractProtocol start
INFO: Starting ProtocolHandler ["ajp-bio-8009"]
14 Jan, 2013 6:30:15 AM org.apache.catalina.startup.Catalina start
INFO: Server startup in 2787 ms
14 Jan, 2013 6:37:02 AM org.apache.coyote.AbstractProtocol pause
INFO: Pausing ProtocolHandler ["http-bio-8080"]
14 Jan, 2013 6:37:02 AM org.apache.coyote.AbstractProtocol pause
INFO: Pausing ProtocolHandler ["ajp-bio-8009"]
14 Jan, 2013 6:37:02 AM org.apache.catalina.core.StandardService stopInternal
INFO: Stopping service Catalina
14 Jan, 2013 6:37:02 AM org.apache.coyote.AbstractProtocol stop
INFO: Stopping ProtocolHandler ["http-bio-8080"]
14 Jan, 2013 6:37:02 AM org.apache.coyote.AbstractProtocol stop
INFO: Stopping ProtocolHandler ["ajp-bio-8009"]
14 Jan, 2013 6:37:02 AM org.apache.coyote.AbstractProtocol destroy
INFO: Destroying ProtocolHandler ["http-bio-8080"]
14 Jan, 2013 6:37:02 AM org.apache.coyote.AbstractProtocol destroy
INFO: Destroying ProtocolHandler ["ajp-bio-8009"]
14 Jan, 2013 6:37:06 AM org.apache.catalina.core.AprLifecycleListener init
INFO: The APR based Apache Tomcat Native library which allows optimal performance in production environments was not found on the java.library.path: /usr/lib/jvm/java-6-sun-1.6.0.32/jre/lib/amd64/server:/usr/lib/jvm/java-6-sun-1.6.0.32/jre/lib/amd64:/usr/lib/jvm/java-6-sun-1.6.0.32/jre/../lib/amd64:/usr/java/packages/lib/amd64:/usr/lib64:/lib64:/lib:/usr/lib
14 Jan, 2013 6:37:06 AM org.apache.coyote.AbstractProtocol init
INFO: Initializing ProtocolHandler ["http-bio-8080"]
14 Jan, 2013 6:37:06 AM org.apache.coyote.AbstractProtocol init
INFO: Initializing ProtocolHandler ["ajp-bio-8009"]
14 Jan, 2013 6:37:06 AM org.apache.catalina.startup.Catalina load
INFO: Initialization processed in 484 ms
14 Jan, 2013 6:37:06 AM org.apache.catalina.core.StandardService startInternal
INFO: Starting service Catalina
14 Jan, 2013 6:37:06 AM org.apache.catalina.core.StandardEngine startInternal
INFO: Starting Servlet Engine: Apache Tomcat/7.0.32
14 Jan, 2013 6:37:06 AM org.apache.catalina.startup.HostConfig deployWAR
INFO: Deploying web application archive /home/unmesh/work/projects/flightbooking/tools/apache-tomcat-7.0.32/webapps/flightbooking.war
14 Jan, 2013 6:37:09 AM org.springframework.web.servlet.FrameworkServlet initServletBean
INFO: FrameworkServlet 'spring': initialization started
14 Jan, 2013 6:37:09 AM org.springframework.context.support.AbstractApplicationContext prepareRefresh
INFO: Refreshing WebApplicationContext for namespace 'spring-servlet': startup date [Mon Jan 14 06:37:09 EST 2013]; root of context hierarchy
14 Jan, 2013 6:37:09 AM org.springframework.beans.factory.xml.XmlBeanDefinitionReader loadBeanDefinitions
INFO: Loading XML bean definitions from ServletContext resource [/WEB-INF/spring-servlet.xml]
14 Jan, 2013 6:37:09 AM org.springframework.beans.factory.support.DefaultListableBeanFactory preInstantiateSingletons
INFO: Pre-instantiating singletons in org.springframework.beans.factory.support.DefaultListableBeanFactory@69408a75: defining beans [searchController,org.springframework.context.annotation.internalConfigurationAnnotationProcessor,org.springframework.context.annotation.internalAutowiredAnnotationProcessor,org.springframework.context.annotation.internalRequiredAnnotationProcessor,org.springframework.context.annotation.internalCommonAnnotationProcessor,viewResolver,freemarkerConfig,org.springframework.context.annotation.ConfigurationClassPostProcessor$ImportAwareBeanPostProcessor#0]; root of factory hierarchy
14 Jan, 2013 6:37:09 AM org.springframework.web.servlet.view.freemarker.FreeMarkerConfigurer postProcessTemplateLoaders
INFO: ClassTemplateLoader for Spring macros added to FreeMarker configuration
14 Jan, 2013 6:37:09 AM org.springframework.web.servlet.handler.AbstractUrlHandlerMapping registerHandler
INFO: Mapped URL path [/index] onto handler 'searchController'
14 Jan, 2013 6:37:09 AM org.springframework.web.servlet.handler.AbstractUrlHandlerMapping registerHandler
INFO: Mapped URL path [/index.*] onto handler 'searchController'
14 Jan, 2013 6:37:09 AM org.springframework.web.servlet.handler.AbstractUrlHandlerMapping registerHandler
INFO: Mapped URL path [/index/] onto handler 'searchController'
14 Jan, 2013 6:37:09 AM org.springframework.web.servlet.FrameworkServlet initServletBean
INFO: FrameworkServlet 'spring': initialization completed in 886 ms
14 Jan, 2013 6:37:09 AM org.apache.catalina.startup.HostConfig deployDirectory
INFO: Deploying web application directory /home/unmesh/work/projects/flightbooking/tools/apache-tomcat-7.0.32/webapps/docs
14 Jan, 2013 6:37:09 AM org.apache.catalina.startup.HostConfig deployDirectory
INFO: Deploying web application directory /home/unmesh/work/projects/flightbooking/tools/apache-tomcat-7.0.32/webapps/examples
14 Jan, 2013 6:37:10 AM org.apache.catalina.startup.HostConfig deployDirectory
INFO: Deploying web application directory /home/unmesh/work/projects/flightbooking/tools/apache-tomcat-7.0.32/webapps/ROOT
14 Jan, 2013 6:37:10 AM org.apache.catalina.startup.HostConfig deployDirectory
INFO: Deploying web application directory /home/unmesh/work/projects/flightbooking/tools/apache-tomcat-7.0.32/webapps/manager
14 Jan, 2013 6:37:10 AM org.apache.catalina.startup.HostConfig deployDirectory
INFO: Deploying web application directory /home/unmesh/work/projects/flightbooking/tools/apache-tomcat-7.0.32/webapps/host-manager
14 Jan, 2013 6:37:10 AM org.apache.coyote.AbstractProtocol start
INFO: Starting ProtocolHandler ["http-bio-8080"]
14 Jan, 2013 6:37:10 AM org.apache.coyote.AbstractProtocol start
INFO: Starting ProtocolHandler ["ajp-bio-8009"]
14 Jan, 2013 6:37:10 AM org.apache.catalina.startup.Catalina start
INFO: Server startup in 3735 ms
14 Jan, 2013 6:41:19 AM org.apache.coyote.AbstractProtocol pause
INFO: Pausing ProtocolHandler ["http-bio-8080"]
14 Jan, 2013 6:41:19 AM org.apache.coyote.AbstractProtocol pause
INFO: Pausing ProtocolHandler ["ajp-bio-8009"]
14 Jan, 2013 6:41:19 AM org.apache.catalina.core.StandardService stopInternal
INFO: Stopping service Catalina
14 Jan, 2013 6:41:19 AM org.springframework.context.support.AbstractApplicationContext doClose
INFO: Closing WebApplicationContext for namespace 'spring-servlet': startup date [Mon Jan 14 06:37:09 EST 2013]; root of context hierarchy
14 Jan, 2013 6:41:19 AM org.springframework.beans.factory.support.DefaultSingletonBeanRegistry destroySingletons
INFO: Destroying singletons in org.springframework.beans.factory.support.DefaultListableBeanFactory@69408a75: defining beans [searchController,org.springframework.context.annotation.internalConfigurationAnnotationProcessor,org.springframework.context.annotation.internalAutowiredAnnotationProcessor,org.springframework.context.annotation.internalRequiredAnnotationProcessor,org.springframework.context.annotation.internalCommonAnnotationProcessor,viewResolver,freemarkerConfig,org.springframework.context.annotation.ConfigurationClassPostProcessor$ImportAwareBeanPostProcessor#0]; root of factory hierarchy
14 Jan, 2013 6:41:19 AM org.apache.coyote.AbstractProtocol stop
INFO: Stopping ProtocolHandler ["http-bio-8080"]
14 Jan, 2013 6:41:19 AM org.apache.coyote.AbstractProtocol stop
INFO: Stopping ProtocolHandler ["ajp-bio-8009"]
14 Jan, 2013 6:41:19 AM org.apache.coyote.AbstractProtocol destroy
INFO: Destroying ProtocolHandler ["http-bio-8080"]
14 Jan, 2013 6:41:19 AM org.apache.coyote.AbstractProtocol destroy
INFO: Destroying ProtocolHandler ["ajp-bio-8009"]
14 Jan, 2013 6:41:21 AM org.apache.catalina.core.AprLifecycleListener init
INFO: The APR based Apache Tomcat Native library which allows optimal performance in production environments was not found on the java.library.path: /usr/lib/jvm/java-6-sun-1.6.0.32/jre/lib/amd64/server:/usr/lib/jvm/java-6-sun-1.6.0.32/jre/lib/amd64:/usr/lib/jvm/java-6-sun-1.6.0.32/jre/../lib/amd64:/usr/java/packages/lib/amd64:/usr/lib64:/lib64:/lib:/usr/lib
14 Jan, 2013 6:41:21 AM org.apache.coyote.AbstractProtocol init
INFO: Initializing ProtocolHandler ["http-bio-8080"]
14 Jan, 2013 6:41:21 AM org.apache.coyote.AbstractProtocol init
INFO: Initializing ProtocolHandler ["ajp-bio-8009"]
14 Jan, 2013 6:41:21 AM org.apache.catalina.startup.Catalina load
INFO: Initialization processed in 488 ms
14 Jan, 2013 6:41:21 AM org.apache.catalina.core.StandardService startInternal
INFO: Starting service Catalina
14 Jan, 2013 6:41:21 AM org.apache.catalina.core.StandardEngine startInternal
INFO: Starting Servlet Engine: Apache Tomcat/7.0.32
14 Jan, 2013 6:41:21 AM org.apache.catalina.startup.HostConfig deployWAR
INFO: Deploying web application archive /home/unmesh/work/projects/flightbooking/tools/apache-tomcat-7.0.32/webapps/flightbooking.war
14 Jan, 2013 6:41:24 AM org.springframework.web.servlet.FrameworkServlet initServletBean
INFO: FrameworkServlet 'spring': initialization started
14 Jan, 2013 6:41:24 AM org.springframework.context.support.AbstractApplicationContext prepareRefresh
INFO: Refreshing WebApplicationContext for namespace 'spring-servlet': startup date [Mon Jan 14 06:41:24 EST 2013]; root of context hierarchy
14 Jan, 2013 6:41:24 AM org.springframework.beans.factory.xml.XmlBeanDefinitionReader loadBeanDefinitions
INFO: Loading XML bean definitions from ServletContext resource [/WEB-INF/spring-servlet.xml]
14 Jan, 2013 6:41:24 AM org.springframework.beans.factory.support.DefaultListableBeanFactory preInstantiateSingletons
INFO: Pre-instantiating singletons in org.springframework.beans.factory.support.DefaultListableBeanFactory@2ee391c4: defining beans [searchController,org.springframework.context.annotation.internalConfigurationAnnotationProcessor,org.springframework.context.annotation.internalAutowiredAnnotationProcessor,org.springframework.context.annotation.internalRequiredAnnotationProcessor,org.springframework.context.annotation.internalCommonAnnotationProcessor,viewResolver,freemarkerConfig,org.springframework.context.annotation.ConfigurationClassPostProcessor$ImportAwareBeanPostProcessor#0]; root of factory hierarchy
14 Jan, 2013 6:41:24 AM org.springframework.web.servlet.view.freemarker.FreeMarkerConfigurer postProcessTemplateLoaders
INFO: ClassTemplateLoader for Spring macros added to FreeMarker configuration
14 Jan, 2013 6:41:24 AM org.springframework.web.servlet.handler.AbstractUrlHandlerMapping registerHandler
INFO: Mapped URL path [/index] onto handler 'searchController'
14 Jan, 2013 6:41:24 AM org.springframework.web.servlet.handler.AbstractUrlHandlerMapping registerHandler
INFO: Mapped URL path [/index.*] onto handler 'searchController'
14 Jan, 2013 6:41:24 AM org.springframework.web.servlet.handler.AbstractUrlHandlerMapping registerHandler
INFO: Mapped URL path [/index/] onto handler 'searchController'
14 Jan, 2013 6:41:24 AM org.springframework.web.servlet.FrameworkServlet initServletBean
INFO: FrameworkServlet 'spring': initialization completed in 723 ms
14 Jan, 2013 6:41:24 AM org.apache.catalina.startup.HostConfig deployDirectory
INFO: Deploying web application directory /home/unmesh/work/projects/flightbooking/tools/apache-tomcat-7.0.32/webapps/docs
14 Jan, 2013 6:41:24 AM org.apache.catalina.startup.HostConfig deployDirectory
INFO: Deploying web application directory /home/unmesh/work/projects/flightbooking/tools/apache-tomcat-7.0.32/webapps/examples
14 Jan, 2013 6:41:24 AM org.apache.catalina.startup.HostConfig deployDirectory
INFO: Deploying web application directory /home/unmesh/work/projects/flightbooking/tools/apache-tomcat-7.0.32/webapps/ROOT
14 Jan, 2013 6:41:25 AM org.apache.catalina.startup.HostConfig deployDirectory
INFO: Deploying web application directory /home/unmesh/work/projects/flightbooking/tools/apache-tomcat-7.0.32/webapps/manager
14 Jan, 2013 6:41:25 AM org.apache.catalina.startup.HostConfig deployDirectory
INFO: Deploying web application directory /home/unmesh/work/projects/flightbooking/tools/apache-tomcat-7.0.32/webapps/host-manager
14 Jan, 2013 6:41:25 AM org.apache.coyote.AbstractProtocol start
INFO: Starting ProtocolHandler ["http-bio-8080"]
14 Jan, 2013 6:41:25 AM org.apache.coyote.AbstractProtocol start
INFO: Starting ProtocolHandler ["ajp-bio-8009"]
14 Jan, 2013 6:41:25 AM org.apache.catalina.startup.Catalina start
INFO: Server startup in 3770 ms
14 Jan, 2013 6:43:14 AM org.apache.coyote.AbstractProtocol pause
INFO: Pausing ProtocolHandler ["http-bio-8080"]
14 Jan, 2013 6:43:14 AM org.apache.coyote.AbstractProtocol pause
INFO: Pausing ProtocolHandler ["ajp-bio-8009"]
14 Jan, 2013 6:43:14 AM org.apache.catalina.core.StandardService stopInternal
INFO: Stopping service Catalina
14 Jan, 2013 6:43:15 AM org.springframework.context.support.AbstractApplicationContext doClose
INFO: Closing WebApplicationContext for namespace 'spring-servlet': startup date [Mon Jan 14 06:41:24 EST 2013]; root of context hierarchy
14 Jan, 2013 6:43:15 AM org.springframework.beans.factory.support.DefaultSingletonBeanRegistry destroySingletons
INFO: Destroying singletons in org.springframework.beans.factory.support.DefaultListableBeanFactory@2ee391c4: defining beans [searchController,org.springframework.context.annotation.internalConfigurationAnnotationProcessor,org.springframework.context.annotation.internalAutowiredAnnotationProcessor,org.springframework.context.annotation.internalRequiredAnnotationProcessor,org.springframework.context.annotation.internalCommonAnnotationProcessor,viewResolver,freemarkerConfig,org.springframework.context.annotation.ConfigurationClassPostProcessor$ImportAwareBeanPostProcessor#0]; root of factory hierarchy
14 Jan, 2013 6:43:15 AM org.apache.coyote.AbstractProtocol stop
INFO: Stopping ProtocolHandler ["http-bio-8080"]
14 Jan, 2013 6:43:15 AM org.apache.coyote.AbstractProtocol stop
INFO: Stopping ProtocolHandler ["ajp-bio-8009"]
14 Jan, 2013 6:43:15 AM org.apache.coyote.AbstractProtocol destroy
INFO: Destroying ProtocolHandler ["http-bio-8080"]
14 Jan, 2013 6:43:15 AM org.apache.coyote.AbstractProtocol destroy
INFO: Destroying ProtocolHandler ["ajp-bio-8009"]
14 Jan, 2013 6:43:39 AM org.apache.catalina.core.AprLifecycleListener init
INFO: The APR based Apache Tomcat Native library which allows optimal performance in production environments was not found on the java.library.path: /usr/lib/jvm/java-6-sun-1.6.0.32/jre/lib/amd64/server:/usr/lib/jvm/java-6-sun-1.6.0.32/jre/lib/amd64:/usr/lib/jvm/java-6-sun-1.6.0.32/jre/../lib/amd64:/usr/java/packages/lib/amd64:/usr/lib64:/lib64:/lib:/usr/lib
14 Jan, 2013 6:43:39 AM org.apache.coyote.AbstractProtocol init
INFO: Initializing ProtocolHandler ["http-bio-8080"]
14 Jan, 2013 6:43:39 AM org.apache.coyote.AbstractProtocol init
INFO: Initializing ProtocolHandler ["ajp-bio-8009"]
14 Jan, 2013 6:43:39 AM org.apache.catalina.startup.Catalina load
INFO: Initialization processed in 473 ms
14 Jan, 2013 6:43:39 AM org.apache.catalina.core.StandardService startInternal
INFO: Starting service Catalina
14 Jan, 2013 6:43:39 AM org.apache.catalina.core.StandardEngine startInternal
INFO: Starting Servlet Engine: Apache Tomcat/7.0.32
14 Jan, 2013 6:43:39 AM org.apache.catalina.startup.HostConfig deployDirectory
INFO: Deploying web application directory /home/unmesh/work/projects/flightbooking/tools/apache-tomcat-7.0.32/webapps/docs
14 Jan, 2013 6:43:39 AM org.apache.catalina.startup.HostConfig deployDirectory
INFO: Deploying web application directory /home/unmesh/work/projects/flightbooking/tools/apache-tomcat-7.0.32/webapps/examples
14 Jan, 2013 6:43:39 AM org.apache.catalina.startup.HostConfig deployDirectory
INFO: Deploying web application directory /home/unmesh/work/projects/flightbooking/tools/apache-tomcat-7.0.32/webapps/ROOT
14 Jan, 2013 6:43:39 AM org.apache.catalina.startup.HostConfig deployDirectory
INFO: Deploying web application directory /home/unmesh/work/projects/flightbooking/tools/apache-tomcat-7.0.32/webapps/manager
14 Jan, 2013 6:43:39 AM org.apache.catalina.startup.HostConfig deployDirectory
INFO: Deploying web application directory /home/unmesh/work/projects/flightbooking/tools/apache-tomcat-7.0.32/webapps/host-manager
14 Jan, 2013 6:43:40 AM org.apache.coyote.AbstractProtocol start
INFO: Starting ProtocolHandler ["http-bio-8080"]
14 Jan, 2013 6:43:40 AM org.apache.coyote.AbstractProtocol start
INFO: Starting ProtocolHandler ["ajp-bio-8009"]
14 Jan, 2013 6:43:40 AM org.apache.catalina.startup.Catalina start
INFO: Server startup in 625 ms
14 Jan, 2013 6:43:43 AM org.apache.coyote.AbstractProtocol pause
INFO: Pausing ProtocolHandler ["http-bio-8080"]
14 Jan, 2013 6:43:43 AM org.apache.coyote.AbstractProtocol pause
INFO: Pausing ProtocolHandler ["ajp-bio-8009"]
14 Jan, 2013 6:43:43 AM org.apache.catalina.core.StandardService stopInternal
INFO: Stopping service Catalina
14 Jan, 2013 6:43:43 AM org.apache.coyote.AbstractProtocol stop
INFO: Stopping ProtocolHandler ["http-bio-8080"]
14 Jan, 2013 6:43:43 AM org.apache.coyote.AbstractProtocol stop
INFO: Stopping ProtocolHandler ["ajp-bio-8009"]
14 Jan, 2013 6:43:43 AM org.apache.coyote.AbstractProtocol destroy
INFO: Destroying ProtocolHandler ["http-bio-8080"]
14 Jan, 2013 6:43:43 AM org.apache.coyote.AbstractProtocol destroy
INFO: Destroying ProtocolHandler ["ajp-bio-8009"]
14 Jan, 2013 6:43:50 AM org.apache.catalina.core.AprLifecycleListener init
INFO: The APR based Apache Tomcat Native library which allows optimal performance in production environments was not found on the java.library.path: /usr/lib/jvm/java-6-sun-1.6.0.32/jre/lib/amd64/server:/usr/lib/jvm/java-6-sun-1.6.0.32/jre/lib/amd64:/usr/lib/jvm/java-6-sun-1.6.0.32/jre/../lib/amd64:/usr/java/packages/lib/amd64:/usr/lib64:/lib64:/lib:/usr/lib
14 Jan, 2013 6:43:50 AM org.apache.coyote.AbstractProtocol init
INFO: Initializing ProtocolHandler ["http-bio-8080"]
14 Jan, 2013 6:43:50 AM org.apache.coyote.AbstractProtocol init
INFO: Initializing ProtocolHandler ["ajp-bio-8009"]
14 Jan, 2013 6:43:50 AM org.apache.catalina.startup.Catalina load
INFO: Initialization processed in 447 ms
14 Jan, 2013 6:43:51 AM org.apache.catalina.core.StandardService startInternal
INFO: Starting service Catalina
14 Jan, 2013 6:43:51 AM org.apache.catalina.core.StandardEngine startInternal
INFO: Starting Servlet Engine: Apache Tomcat/7.0.32
14 Jan, 2013 6:43:51 AM org.apache.catalina.startup.HostConfig deployWAR
INFO: Deploying web application archive /home/unmesh/work/projects/flightbooking/tools/apache-tomcat-7.0.32/webapps/flightbooking.war
14 Jan, 2013 6:43:53 AM org.springframework.web.servlet.FrameworkServlet initServletBean
INFO: FrameworkServlet 'spring': initialization started
14 Jan, 2013 6:43:53 AM org.springframework.context.support.AbstractApplicationContext prepareRefresh
INFO: Refreshing WebApplicationContext for namespace 'spring-servlet': startup date [Mon Jan 14 06:43:53 EST 2013]; root of context hierarchy
14 Jan, 2013 6:43:53 AM org.springframework.beans.factory.xml.XmlBeanDefinitionReader loadBeanDefinitions
INFO: Loading XML bean definitions from ServletContext resource [/WEB-INF/spring-servlet.xml]
14 Jan, 2013 6:43:53 AM org.springframework.beans.factory.support.DefaultListableBeanFactory preInstantiateSingletons
INFO: Pre-instantiating singletons in org.springframework.beans.factory.support.DefaultListableBeanFactory@50c713d2: defining beans [searchController,org.springframework.context.annotation.internalConfigurationAnnotationProcessor,org.springframework.context.annotation.internalAutowiredAnnotationProcessor,org.springframework.context.annotation.internalRequiredAnnotationProcessor,org.springframework.context.annotation.internalCommonAnnotationProcessor,viewResolver,freemarkerConfig,org.springframework.context.annotation.ConfigurationClassPostProcessor$ImportAwareBeanPostProcessor#0]; root of factory hierarchy
14 Jan, 2013 6:43:54 AM org.springframework.web.servlet.view.freemarker.FreeMarkerConfigurer postProcessTemplateLoaders
INFO: ClassTemplateLoader for Spring macros added to FreeMarker configuration
14 Jan, 2013 6:43:54 AM org.springframework.web.servlet.handler.AbstractUrlHandlerMapping registerHandler
INFO: Mapped URL path [/index] onto handler 'searchController'
14 Jan, 2013 6:43:54 AM org.springframework.web.servlet.handler.AbstractUrlHandlerMapping registerHandler
INFO: Mapped URL path [/index.*] onto handler 'searchController'
14 Jan, 2013 6:43:54 AM org.springframework.web.servlet.handler.AbstractUrlHandlerMapping registerHandler
INFO: Mapped URL path [/index/] onto handler 'searchController'
14 Jan, 2013 6:43:54 AM org.springframework.web.servlet.FrameworkServlet initServletBean
INFO: FrameworkServlet 'spring': initialization completed in 618 ms
14 Jan, 2013 6:43:54 AM org.apache.catalina.startup.HostConfig deployDirectory
INFO: Deploying web application directory /home/unmesh/work/projects/flightbooking/tools/apache-tomcat-7.0.32/webapps/docs
14 Jan, 2013 6:43:54 AM org.apache.catalina.startup.HostConfig deployDirectory
INFO: Deploying web application directory /home/unmesh/work/projects/flightbooking/tools/apache-tomcat-7.0.32/webapps/examples
14 Jan, 2013 6:43:54 AM org.apache.catalina.startup.HostConfig deployDirectory
INFO: Deploying web application directory /home/unmesh/work/projects/flightbooking/tools/apache-tomcat-7.0.32/webapps/ROOT
14 Jan, 2013 6:43:54 AM org.apache.catalina.startup.HostConfig deployDirectory
INFO: Deploying web application directory /home/unmesh/work/projects/flightbooking/tools/apache-tomcat-7.0.32/webapps/manager
14 Jan, 2013 6:43:54 AM org.apache.catalina.startup.HostConfig deployDirectory
INFO: Deploying web application directory /home/unmesh/work/projects/flightbooking/tools/apache-tomcat-7.0.32/webapps/host-manager
14 Jan, 2013 6:43:54 AM org.apache.coyote.AbstractProtocol start
INFO: Starting ProtocolHandler ["http-bio-8080"]
14 Jan, 2013 6:43:54 AM org.apache.coyote.AbstractProtocol start
INFO: Starting ProtocolHandler ["ajp-bio-8009"]
14 Jan, 2013 6:43:54 AM org.apache.catalina.startup.Catalina start
INFO: Server startup in 3600 ms
14 Jan, 2013 6:48:20 AM org.apache.coyote.AbstractProtocol pause
INFO: Pausing ProtocolHandler ["http-bio-8080"]
14 Jan, 2013 6:48:21 AM org.apache.coyote.AbstractProtocol pause
INFO: Pausing ProtocolHandler ["ajp-bio-8009"]
14 Jan, 2013 6:48:21 AM org.apache.catalina.core.StandardService stopInternal
INFO: Stopping service Catalina
14 Jan, 2013 6:48:21 AM org.springframework.context.support.AbstractApplicationContext doClose
INFO: Closing WebApplicationContext for namespace 'spring-servlet': startup date [Mon Jan 14 06:43:53 EST 2013]; root of context hierarchy
14 Jan, 2013 6:48:21 AM org.springframework.beans.factory.support.DefaultSingletonBeanRegistry destroySingletons
INFO: Destroying singletons in org.springframework.beans.factory.support.DefaultListableBeanFactory@50c713d2: defining beans [searchController,org.springframework.context.annotation.internalConfigurationAnnotationProcessor,org.springframework.context.annotation.internalAutowiredAnnotationProcessor,org.springframework.context.annotation.internalRequiredAnnotationProcessor,org.springframework.context.annotation.internalCommonAnnotationProcessor,viewResolver,freemarkerConfig,org.springframework.context.annotation.ConfigurationClassPostProcessor$ImportAwareBeanPostProcessor#0]; root of factory hierarchy
14 Jan, 2013 6:48:21 AM org.apache.coyote.AbstractProtocol stop
INFO: Stopping ProtocolHandler ["http-bio-8080"]
14 Jan, 2013 6:48:21 AM org.apache.coyote.AbstractProtocol stop
INFO: Stopping ProtocolHandler ["ajp-bio-8009"]
14 Jan, 2013 6:48:21 AM org.apache.coyote.AbstractProtocol destroy
INFO: Destroying ProtocolHandler ["http-bio-8080"]
14 Jan, 2013 6:48:21 AM org.apache.coyote.AbstractProtocol destroy
INFO: Destroying ProtocolHandler ["ajp-bio-8009"]
14 Jan, 2013 6:48:22 AM org.apache.catalina.core.AprLifecycleListener init
INFO: The APR based Apache Tomcat Native library which allows optimal performance in production environments was not found on the java.library.path: /usr/lib/jvm/java-6-sun-1.6.0.32/jre/lib/amd64/server:/usr/lib/jvm/java-6-sun-1.6.0.32/jre/lib/amd64:/usr/lib/jvm/java-6-sun-1.6.0.32/jre/../lib/amd64:/usr/java/packages/lib/amd64:/usr/lib64:/lib64:/lib:/usr/lib
14 Jan, 2013 6:48:22 AM org.apache.coyote.AbstractProtocol init
INFO: Initializing ProtocolHandler ["http-bio-8080"]
14 Jan, 2013 6:48:22 AM org.apache.coyote.AbstractProtocol init
INFO: Initializing ProtocolHandler ["ajp-bio-8009"]
14 Jan, 2013 6:48:22 AM org.apache.catalina.startup.Catalina load
INFO: Initialization processed in 458 ms
14 Jan, 2013 6:48:22 AM org.apache.catalina.core.StandardService startInternal
INFO: Starting service Catalina
14 Jan, 2013 6:48:22 AM org.apache.catalina.core.StandardEngine startInternal
INFO: Starting Servlet Engine: Apache Tomcat/7.0.32
14 Jan, 2013 6:48:22 AM org.apache.catalina.startup.HostConfig deployWAR
INFO: Deploying web application archive /home/unmesh/work/projects/flightbooking/tools/apache-tomcat-7.0.32/webapps/flightbooking.war
14 Jan, 2013 6:48:25 AM org.springframework.web.servlet.FrameworkServlet initServletBean
INFO: FrameworkServlet 'spring': initialization started
14 Jan, 2013 6:48:25 AM org.springframework.context.support.AbstractApplicationContext prepareRefresh
INFO: Refreshing WebApplicationContext for namespace 'spring-servlet': startup date [Mon Jan 14 06:48:25 EST 2013]; root of context hierarchy
14 Jan, 2013 6:48:25 AM org.springframework.beans.factory.xml.XmlBeanDefinitionReader loadBeanDefinitions
INFO: Loading XML bean definitions from ServletContext resource [/WEB-INF/spring-servlet.xml]
14 Jan, 2013 6:48:25 AM org.springframework.beans.factory.support.DefaultListableBeanFactory preInstantiateSingletons
INFO: Pre-instantiating singletons in org.springframework.beans.factory.support.DefaultListableBeanFactory@67de0c09: defining beans [searchController,org.springframework.context.annotation.internalConfigurationAnnotationProcessor,org.springframework.context.annotation.internalAutowiredAnnotationProcessor,org.springframework.context.annotation.internalRequiredAnnotationProcessor,org.springframework.context.annotation.internalCommonAnnotationProcessor,viewResolver,freemarkerConfig,org.springframework.context.annotation.ConfigurationClassPostProcessor$ImportAwareBeanPostProcessor#0]; root of factory hierarchy
14 Jan, 2013 6:48:26 AM org.springframework.web.servlet.view.freemarker.FreeMarkerConfigurer postProcessTemplateLoaders
INFO: ClassTemplateLoader for Spring macros added to FreeMarker configuration
14 Jan, 2013 6:48:26 AM org.springframework.web.servlet.handler.AbstractUrlHandlerMapping registerHandler
INFO: Mapped URL path [/index] onto handler 'searchController'
14 Jan, 2013 6:48:26 AM org.springframework.web.servlet.handler.AbstractUrlHandlerMapping registerHandler
INFO: Mapped URL path [/index.*] onto handler 'searchController'
14 Jan, 2013 6:48:26 AM org.springframework.web.servlet.handler.AbstractUrlHandlerMapping registerHandler
INFO: Mapped URL path [/index/] onto handler 'searchController'
14 Jan, 2013 6:48:26 AM org.springframework.web.servlet.FrameworkServlet initServletBean
INFO: FrameworkServlet 'spring': initialization completed in 638 ms
14 Jan, 2013 6:48:26 AM org.apache.catalina.startup.HostConfig deployDirectory
INFO: Deploying web application directory /home/unmesh/work/projects/flightbooking/tools/apache-tomcat-7.0.32/webapps/docs
14 Jan, 2013 6:48:26 AM org.apache.catalina.startup.HostConfig deployDirectory
INFO: Deploying web application directory /home/unmesh/work/projects/flightbooking/tools/apache-tomcat-7.0.32/webapps/examples
14 Jan, 2013 6:48:26 AM org.apache.catalina.startup.HostConfig deployDirectory
INFO: Deploying web application directory /home/unmesh/work/projects/flightbooking/tools/apache-tomcat-7.0.32/webapps/ROOT
14 Jan, 2013 6:48:26 AM org.apache.catalina.startup.HostConfig deployDirectory
INFO: Deploying web application directory /home/unmesh/work/projects/flightbooking/tools/apache-tomcat-7.0.32/webapps/manager
14 Jan, 2013 6:48:26 AM org.apache.catalina.startup.HostConfig deployDirectory
INFO: Deploying web application directory /home/unmesh/work/projects/flightbooking/tools/apache-tomcat-7.0.32/webapps/host-manager
14 Jan, 2013 6:48:26 AM org.apache.coyote.AbstractProtocol start
INFO: Starting ProtocolHandler ["http-bio-8080"]
14 Jan, 2013 6:48:26 AM org.apache.coyote.AbstractProtocol start
INFO: Starting ProtocolHandler ["ajp-bio-8009"]
14 Jan, 2013 6:48:26 AM org.apache.catalina.startup.Catalina start
INFO: Server startup in 3753 ms
14 Jan, 2013 6:48:52 AM org.apache.coyote.AbstractProtocol pause
INFO: Pausing ProtocolHandler ["http-bio-8080"]
14 Jan, 2013 6:48:52 AM org.apache.coyote.AbstractProtocol pause
INFO: Pausing ProtocolHandler ["ajp-bio-8009"]
14 Jan, 2013 6:48:52 AM org.apache.catalina.core.StandardService stopInternal
INFO: Stopping service Catalina
14 Jan, 2013 6:48:52 AM org.springframework.context.support.AbstractApplicationContext doClose
INFO: Closing WebApplicationContext for namespace 'spring-servlet': startup date [Mon Jan 14 06:48:25 EST 2013]; root of context hierarchy
14 Jan, 2013 6:48:52 AM org.springframework.beans.factory.support.DefaultSingletonBeanRegistry destroySingletons
INFO: Destroying singletons in org.springframework.beans.factory.support.DefaultListableBeanFactory@67de0c09: defining beans [searchController,org.springframework.context.annotation.internalConfigurationAnnotationProcessor,org.springframework.context.annotation.internalAutowiredAnnotationProcessor,org.springframework.context.annotation.internalRequiredAnnotationProcessor,org.springframework.context.annotation.internalCommonAnnotationProcessor,viewResolver,freemarkerConfig,org.springframework.context.annotation.ConfigurationClassPostProcessor$ImportAwareBeanPostProcessor#0]; root of factory hierarchy
14 Jan, 2013 6:48:52 AM org.apache.coyote.AbstractProtocol stop
INFO: Stopping ProtocolHandler ["http-bio-8080"]
14 Jan, 2013 6:48:52 AM org.apache.coyote.AbstractProtocol stop
INFO: Stopping ProtocolHandler ["ajp-bio-8009"]
14 Jan, 2013 6:48:52 AM org.apache.coyote.AbstractProtocol destroy
INFO: Destroying ProtocolHandler ["http-bio-8080"]
14 Jan, 2013 6:48:52 AM org.apache.coyote.AbstractProtocol destroy
INFO: Destroying ProtocolHandler ["ajp-bio-8009"]
14 Jan, 2013 7:24:25 AM org.apache.catalina.core.AprLifecycleListener init
INFO: The APR based Apache Tomcat Native library which allows optimal performance in production environments was not found on the java.library.path: /usr/lib/jvm/java-6-sun-1.6.0.32/jre/lib/amd64/server:/usr/lib/jvm/java-6-sun-1.6.0.32/jre/lib/amd64:/usr/lib/jvm/java-6-sun-1.6.0.32/jre/../lib/amd64:/usr/java/packages/lib/amd64:/usr/lib64:/lib64:/lib:/usr/lib
14 Jan, 2013 7:24:25 AM org.apache.coyote.AbstractProtocol init
INFO: Initializing ProtocolHandler ["http-bio-8080"]
14 Jan, 2013 7:24:25 AM org.apache.coyote.AbstractProtocol init
INFO: Initializing ProtocolHandler ["ajp-bio-8009"]
14 Jan, 2013 7:24:25 AM org.apache.catalina.startup.Catalina load
INFO: Initialization processed in 468 ms
14 Jan, 2013 7:24:25 AM org.apache.catalina.core.StandardService startInternal
INFO: Starting service Catalina
14 Jan, 2013 7:24:25 AM org.apache.catalina.core.StandardEngine startInternal
INFO: Starting Servlet Engine: Apache Tomcat/7.0.32
14 Jan, 2013 7:24:25 AM org.apache.catalina.startup.HostConfig deployWAR
INFO: Deploying web application archive /home/unmesh/work/projects/flightbooking/tools/apache-tomcat-7.0.32/webapps/flightbooking.war
14 Jan, 2013 7:24:28 AM org.apache.catalina.core.ContainerBase addChildInternal
SEVERE: ContainerBase.addChild: start: 
org.apache.catalina.LifecycleException: Failed to start component [StandardEngine[Catalina].StandardHost[localhost].StandardContext[/flightbooking]]
	at org.apache.catalina.util.LifecycleBase.start(LifecycleBase.java:154)
	at org.apache.catalina.core.ContainerBase.addChildInternal(ContainerBase.java:901)
	at org.apache.catalina.core.ContainerBase.addChild(ContainerBase.java:877)
	at org.apache.catalina.core.StandardHost.addChild(StandardHost.java:633)
	at org.apache.catalina.startup.HostConfig.deployWAR(HostConfig.java:968)
	at org.apache.catalina.startup.HostConfig$DeployWar.run(HostConfig.java:1646)
	at java.util.concurrent.Executors$RunnableAdapter.call(Executors.java:441)
	at java.util.concurrent.FutureTask$Sync.innerRun(FutureTask.java:303)
	at java.util.concurrent.FutureTask.run(FutureTask.java:138)
	at java.util.concurrent.ThreadPoolExecutor$Worker.runTask(ThreadPoolExecutor.java:886)
	at java.util.concurrent.ThreadPoolExecutor$Worker.run(ThreadPoolExecutor.java:908)
	at java.lang.Thread.run(Thread.java:662)
Caused by: java.lang.NoClassDefFoundError: Lorg/slf4j/Logger;
	at java.lang.Class.getDeclaredFields0(Native Method)
	at java.lang.Class.privateGetDeclaredFields(Class.java:2291)
	at java.lang.Class.getDeclaredFields(Class.java:1743)
	at org.apache.catalina.util.Introspection.getDeclaredFields(Introspection.java:87)
	at org.apache.catalina.startup.WebAnnotationSet.loadFieldsAnnotation(WebAnnotationSet.java:261)
	at org.apache.catalina.startup.WebAnnotationSet.loadApplicationFilterAnnotations(WebAnnotationSet.java:110)
	at org.apache.catalina.startup.WebAnnotationSet.loadApplicationAnnotations(WebAnnotationSet.java:66)
	at org.apache.catalina.startup.ContextConfig.applicationAnnotationsConfig(ContextConfig.java:405)
	at org.apache.catalina.startup.ContextConfig.configureStart(ContextConfig.java:881)
	at org.apache.catalina.startup.ContextConfig.lifecycleEvent(ContextConfig.java:369)
	at org.apache.catalina.util.LifecycleSupport.fireLifecycleEvent(LifecycleSupport.java:119)
	at org.apache.catalina.util.LifecycleBase.fireLifecycleEvent(LifecycleBase.java:90)
	at org.apache.catalina.core.StandardContext.startInternal(StandardContext.java:5173)
	at org.apache.catalina.util.LifecycleBase.start(LifecycleBase.java:150)
	... 11 more
Caused by: java.lang.ClassNotFoundException: org.slf4j.Logger
	at org.apache.catalina.loader.WebappClassLoader.loadClass(WebappClassLoader.java:1714)
	at org.apache.catalina.loader.WebappClassLoader.loadClass(WebappClassLoader.java:1559)
	... 25 more
14 Jan, 2013 7:24:28 AM org.apache.catalina.startup.HostConfig deployWAR
SEVERE: Error deploying web application archive /home/unmesh/work/projects/flightbooking/tools/apache-tomcat-7.0.32/webapps/flightbooking.war
java.lang.IllegalStateException: ContainerBase.addChild: start: org.apache.catalina.LifecycleException: Failed to start component [StandardEngine[Catalina].StandardHost[localhost].StandardContext[/flightbooking]]
	at org.apache.catalina.core.ContainerBase.addChildInternal(ContainerBase.java:904)
	at org.apache.catalina.core.ContainerBase.addChild(ContainerBase.java:877)
	at org.apache.catalina.core.StandardHost.addChild(StandardHost.java:633)
	at org.apache.catalina.startup.HostConfig.deployWAR(HostConfig.java:968)
	at org.apache.catalina.startup.HostConfig$DeployWar.run(HostConfig.java:1646)
	at java.util.concurrent.Executors$RunnableAdapter.call(Executors.java:441)
	at java.util.concurrent.FutureTask$Sync.innerRun(FutureTask.java:303)
	at java.util.concurrent.FutureTask.run(FutureTask.java:138)
	at java.util.concurrent.ThreadPoolExecutor$Worker.runTask(ThreadPoolExecutor.java:886)
	at java.util.concurrent.ThreadPoolExecutor$Worker.run(ThreadPoolExecutor.java:908)
	at java.lang.Thread.run(Thread.java:662)
14 Jan, 2013 7:24:28 AM org.apache.catalina.startup.HostConfig deployDirectory
INFO: Deploying web application directory /home/unmesh/work/projects/flightbooking/tools/apache-tomcat-7.0.32/webapps/docs
14 Jan, 2013 7:24:28 AM org.apache.catalina.startup.HostConfig deployDirectory
INFO: Deploying web application directory /home/unmesh/work/projects/flightbooking/tools/apache-tomcat-7.0.32/webapps/examples
14 Jan, 2013 7:24:28 AM org.apache.catalina.startup.HostConfig deployDirectory
INFO: Deploying web application directory /home/unmesh/work/projects/flightbooking/tools/apache-tomcat-7.0.32/webapps/ROOT
14 Jan, 2013 7:24:28 AM org.apache.catalina.startup.HostConfig deployDirectory
INFO: Deploying web application directory /home/unmesh/work/projects/flightbooking/tools/apache-tomcat-7.0.32/webapps/manager
14 Jan, 2013 7:24:28 AM org.apache.catalina.startup.HostConfig deployDirectory
INFO: Deploying web application directory /home/unmesh/work/projects/flightbooking/tools/apache-tomcat-7.0.32/webapps/host-manager
14 Jan, 2013 7:24:28 AM org.apache.coyote.AbstractProtocol start
INFO: Starting ProtocolHandler ["http-bio-8080"]
14 Jan, 2013 7:24:28 AM org.apache.coyote.AbstractProtocol start
INFO: Starting ProtocolHandler ["ajp-bio-8009"]
14 Jan, 2013 7:24:28 AM org.apache.catalina.startup.Catalina start
INFO: Server startup in 2922 ms
14 Jan, 2013 7:24:41 AM org.apache.coyote.AbstractProtocol pause
INFO: Pausing ProtocolHandler ["http-bio-8080"]
14 Jan, 2013 7:24:41 AM org.apache.coyote.AbstractProtocol pause
INFO: Pausing ProtocolHandler ["ajp-bio-8009"]
14 Jan, 2013 7:24:41 AM org.apache.catalina.core.StandardService stopInternal
INFO: Stopping service Catalina
14 Jan, 2013 7:24:42 AM org.apache.coyote.AbstractProtocol stop
INFO: Stopping ProtocolHandler ["http-bio-8080"]
14 Jan, 2013 7:24:42 AM org.apache.coyote.AbstractProtocol stop
INFO: Stopping ProtocolHandler ["ajp-bio-8009"]
14 Jan, 2013 7:24:42 AM org.apache.coyote.AbstractProtocol destroy
INFO: Destroying ProtocolHandler ["http-bio-8080"]
14 Jan, 2013 7:24:42 AM org.apache.coyote.AbstractProtocol destroy
INFO: Destroying ProtocolHandler ["ajp-bio-8009"]
14 Jan, 2013 7:31:33 AM org.apache.catalina.core.AprLifecycleListener init
INFO: The APR based Apache Tomcat Native library which allows optimal performance in production environments was not found on the java.library.path: /usr/lib/jvm/java-6-sun-1.6.0.32/jre/lib/amd64/server:/usr/lib/jvm/java-6-sun-1.6.0.32/jre/lib/amd64:/usr/lib/jvm/java-6-sun-1.6.0.32/jre/../lib/amd64:/usr/java/packages/lib/amd64:/usr/lib64:/lib64:/lib:/usr/lib
14 Jan, 2013 7:31:33 AM org.apache.coyote.AbstractProtocol init
INFO: Initializing ProtocolHandler ["http-bio-8080"]
14 Jan, 2013 7:31:33 AM org.apache.coyote.AbstractProtocol init
INFO: Initializing ProtocolHandler ["ajp-bio-8009"]
14 Jan, 2013 7:31:33 AM org.apache.catalina.startup.Catalina load
INFO: Initialization processed in 445 ms
14 Jan, 2013 7:31:33 AM org.apache.catalina.core.StandardService startInternal
INFO: Starting service Catalina
14 Jan, 2013 7:31:33 AM org.apache.catalina.core.StandardEngine startInternal
INFO: Starting Servlet Engine: Apache Tomcat/7.0.32
14 Jan, 2013 7:31:33 AM org.apache.catalina.startup.HostConfig deployWAR
INFO: Deploying web application archive /home/unmesh/work/projects/flightbooking/tools/apache-tomcat-7.0.32/webapps/flightbooking.war
14 Jan, 2013 7:31:36 AM org.apache.catalina.core.StandardContext startInternal
SEVERE: Error filterStart
14 Jan, 2013 7:31:36 AM org.apache.catalina.core.StandardContext startInternal
SEVERE: Context [/flightbooking] startup failed due to previous errors
14 Jan, 2013 7:31:36 AM org.apache.catalina.startup.HostConfig deployDirectory
INFO: Deploying web application directory /home/unmesh/work/projects/flightbooking/tools/apache-tomcat-7.0.32/webapps/docs
14 Jan, 2013 7:31:36 AM org.apache.catalina.startup.HostConfig deployDirectory
INFO: Deploying web application directory /home/unmesh/work/projects/flightbooking/tools/apache-tomcat-7.0.32/webapps/examples
14 Jan, 2013 7:31:36 AM org.apache.catalina.startup.HostConfig deployDirectory
INFO: Deploying web application directory /home/unmesh/work/projects/flightbooking/tools/apache-tomcat-7.0.32/webapps/ROOT
14 Jan, 2013 7:31:36 AM org.apache.catalina.startup.HostConfig deployDirectory
INFO: Deploying web application directory /home/unmesh/work/projects/flightbooking/tools/apache-tomcat-7.0.32/webapps/manager
14 Jan, 2013 7:31:36 AM org.apache.catalina.startup.HostConfig deployDirectory
INFO: Deploying web application directory /home/unmesh/work/projects/flightbooking/tools/apache-tomcat-7.0.32/webapps/host-manager
14 Jan, 2013 7:31:36 AM org.apache.coyote.AbstractProtocol start
INFO: Starting ProtocolHandler ["http-bio-8080"]
14 Jan, 2013 7:31:36 AM org.apache.coyote.AbstractProtocol start
INFO: Starting ProtocolHandler ["ajp-bio-8009"]
14 Jan, 2013 7:31:37 AM org.apache.catalina.startup.Catalina start
INFO: Server startup in 3282 ms
14 Jan, 2013 7:31:57 AM org.apache.coyote.AbstractProtocol pause
INFO: Pausing ProtocolHandler ["http-bio-8080"]
14 Jan, 2013 7:31:57 AM org.apache.coyote.AbstractProtocol pause
INFO: Pausing ProtocolHandler ["ajp-bio-8009"]
14 Jan, 2013 7:31:57 AM org.apache.catalina.core.StandardService stopInternal
INFO: Stopping service Catalina
14 Jan, 2013 7:31:57 AM org.apache.coyote.AbstractProtocol stop
INFO: Stopping ProtocolHandler ["http-bio-8080"]
14 Jan, 2013 7:31:57 AM org.apache.coyote.AbstractProtocol stop
INFO: Stopping ProtocolHandler ["ajp-bio-8009"]
14 Jan, 2013 7:31:57 AM org.apache.coyote.AbstractProtocol destroy
INFO: Destroying ProtocolHandler ["http-bio-8080"]
14 Jan, 2013 7:31:57 AM org.apache.coyote.AbstractProtocol destroy
INFO: Destroying ProtocolHandler ["ajp-bio-8009"]
14 Jan, 2013 7:32:54 AM org.apache.catalina.core.AprLifecycleListener init
INFO: The APR based Apache Tomcat Native library which allows optimal performance in production environments was not found on the java.library.path: /usr/lib/jvm/java-6-sun-1.6.0.32/jre/lib/amd64/server:/usr/lib/jvm/java-6-sun-1.6.0.32/jre/lib/amd64:/usr/lib/jvm/java-6-sun-1.6.0.32/jre/../lib/amd64:/usr/java/packages/lib/amd64:/usr/lib64:/lib64:/lib:/usr/lib
14 Jan, 2013 7:32:54 AM org.apache.coyote.AbstractProtocol init
INFO: Initializing ProtocolHandler ["http-bio-8080"]
14 Jan, 2013 7:32:54 AM org.apache.coyote.AbstractProtocol init
INFO: Initializing ProtocolHandler ["ajp-bio-8009"]
14 Jan, 2013 7:32:54 AM org.apache.catalina.startup.Catalina load
INFO: Initialization processed in 479 ms
14 Jan, 2013 7:32:54 AM org.apache.catalina.core.StandardService startInternal
INFO: Starting service Catalina
14 Jan, 2013 7:32:54 AM org.apache.catalina.core.StandardEngine startInternal
INFO: Starting Servlet Engine: Apache Tomcat/7.0.32
14 Jan, 2013 7:32:54 AM org.apache.catalina.startup.HostConfig deployWAR
INFO: Deploying web application archive /home/unmesh/work/projects/flightbooking/tools/apache-tomcat-7.0.32/webapps/flightbooking.war
14 Jan, 2013 7:32:57 AM org.apache.catalina.core.StandardContext startInternal
SEVERE: Error filterStart
14 Jan, 2013 7:32:57 AM org.apache.catalina.core.StandardContext startInternal
SEVERE: Context [/flightbooking] startup failed due to previous errors
14 Jan, 2013 7:32:57 AM org.apache.catalina.startup.HostConfig deployDirectory
INFO: Deploying web application directory /home/unmesh/work/projects/flightbooking/tools/apache-tomcat-7.0.32/webapps/docs
14 Jan, 2013 7:32:57 AM org.apache.catalina.startup.HostConfig deployDirectory
INFO: Deploying web application directory /home/unmesh/work/projects/flightbooking/tools/apache-tomcat-7.0.32/webapps/examples
14 Jan, 2013 7:32:57 AM org.apache.catalina.startup.HostConfig deployDirectory
INFO: Deploying web application directory /home/unmesh/work/projects/flightbooking/tools/apache-tomcat-7.0.32/webapps/ROOT
14 Jan, 2013 7:32:57 AM org.apache.catalina.startup.HostConfig deployDirectory
INFO: Deploying web application directory /home/unmesh/work/projects/flightbooking/tools/apache-tomcat-7.0.32/webapps/manager
14 Jan, 2013 7:32:57 AM org.apache.catalina.startup.HostConfig deployDirectory
INFO: Deploying web application directory /home/unmesh/work/projects/flightbooking/tools/apache-tomcat-7.0.32/webapps/host-manager
14 Jan, 2013 7:32:57 AM org.apache.coyote.AbstractProtocol start
INFO: Starting ProtocolHandler ["http-bio-8080"]
14 Jan, 2013 7:32:57 AM org.apache.coyote.AbstractProtocol start
INFO: Starting ProtocolHandler ["ajp-bio-8009"]
14 Jan, 2013 7:32:57 AM org.apache.catalina.startup.Catalina start
INFO: Server startup in 3007 ms
14 Jan, 2013 7:34:31 AM org.apache.coyote.AbstractProtocol pause
INFO: Pausing ProtocolHandler ["http-bio-8080"]
14 Jan, 2013 7:34:31 AM org.apache.coyote.AbstractProtocol pause
INFO: Pausing ProtocolHandler ["ajp-bio-8009"]
14 Jan, 2013 7:34:31 AM org.apache.catalina.core.StandardService stopInternal
INFO: Stopping service Catalina
14 Jan, 2013 7:34:31 AM org.apache.coyote.AbstractProtocol stop
INFO: Stopping ProtocolHandler ["http-bio-8080"]
14 Jan, 2013 7:34:31 AM org.apache.coyote.AbstractProtocol stop
INFO: Stopping ProtocolHandler ["ajp-bio-8009"]
14 Jan, 2013 7:34:31 AM org.apache.coyote.AbstractProtocol destroy
INFO: Destroying ProtocolHandler ["http-bio-8080"]
14 Jan, 2013 7:34:31 AM org.apache.coyote.AbstractProtocol destroy
INFO: Destroying ProtocolHandler ["ajp-bio-8009"]
14 Jan, 2013 7:34:49 AM org.apache.catalina.core.AprLifecycleListener init
INFO: The APR based Apache Tomcat Native library which allows optimal performance in production environments was not found on the java.library.path: /usr/lib/jvm/java-6-sun-1.6.0.32/jre/lib/amd64/server:/usr/lib/jvm/java-6-sun-1.6.0.32/jre/lib/amd64:/usr/lib/jvm/java-6-sun-1.6.0.32/jre/../lib/amd64:/usr/java/packages/lib/amd64:/usr/lib64:/lib64:/lib:/usr/lib
14 Jan, 2013 7:34:49 AM org.apache.coyote.AbstractProtocol init
INFO: Initializing ProtocolHandler ["http-bio-8080"]
14 Jan, 2013 7:34:49 AM org.apache.coyote.AbstractProtocol init
INFO: Initializing ProtocolHandler ["ajp-bio-8009"]
14 Jan, 2013 7:34:49 AM org.apache.catalina.startup.Catalina load
INFO: Initialization processed in 441 ms
14 Jan, 2013 7:34:49 AM org.apache.catalina.core.StandardService startInternal
INFO: Starting service Catalina
14 Jan, 2013 7:34:49 AM org.apache.catalina.core.StandardEngine startInternal
INFO: Starting Servlet Engine: Apache Tomcat/7.0.32
14 Jan, 2013 7:34:49 AM org.apache.catalina.startup.HostConfig deployWAR
INFO: Deploying web application archive /home/unmesh/work/projects/flightbooking/tools/apache-tomcat-7.0.32/webapps/flightbooking.war
14 Jan, 2013 7:34:52 AM org.apache.catalina.core.StandardContext startInternal
SEVERE: Error filterStart
14 Jan, 2013 7:34:52 AM org.apache.catalina.core.StandardContext startInternal
SEVERE: Context [/flightbooking] startup failed due to previous errors
14 Jan, 2013 7:34:52 AM org.apache.catalina.startup.HostConfig deployDirectory
INFO: Deploying web application directory /home/unmesh/work/projects/flightbooking/tools/apache-tomcat-7.0.32/webapps/docs
14 Jan, 2013 7:34:52 AM org.apache.catalina.startup.HostConfig deployDirectory
INFO: Deploying web application directory /home/unmesh/work/projects/flightbooking/tools/apache-tomcat-7.0.32/webapps/examples
14 Jan, 2013 7:34:52 AM org.apache.catalina.startup.HostConfig deployDirectory
INFO: Deploying web application directory /home/unmesh/work/projects/flightbooking/tools/apache-tomcat-7.0.32/webapps/ROOT
14 Jan, 2013 7:34:52 AM org.apache.catalina.startup.HostConfig deployDirectory
INFO: Deploying web application directory /home/unmesh/work/projects/flightbooking/tools/apache-tomcat-7.0.32/webapps/manager
14 Jan, 2013 7:34:52 AM org.apache.catalina.startup.HostConfig deployDirectory
INFO: Deploying web application directory /home/unmesh/work/projects/flightbooking/tools/apache-tomcat-7.0.32/webapps/host-manager
14 Jan, 2013 7:34:52 AM org.apache.coyote.AbstractProtocol start
INFO: Starting ProtocolHandler ["http-bio-8080"]
14 Jan, 2013 7:34:52 AM org.apache.coyote.AbstractProtocol start
INFO: Starting ProtocolHandler ["ajp-bio-8009"]
14 Jan, 2013 7:34:52 AM org.apache.catalina.startup.Catalina start
INFO: Server startup in 3334 ms
14 Jan, 2013 7:35:49 AM org.apache.coyote.AbstractProtocol pause
INFO: Pausing ProtocolHandler ["http-bio-8080"]
14 Jan, 2013 7:35:49 AM org.apache.coyote.AbstractProtocol pause
INFO: Pausing ProtocolHandler ["ajp-bio-8009"]
14 Jan, 2013 7:35:49 AM org.apache.catalina.core.StandardService stopInternal
INFO: Stopping service Catalina
14 Jan, 2013 7:35:49 AM org.apache.coyote.AbstractProtocol stop
INFO: Stopping ProtocolHandler ["http-bio-8080"]
14 Jan, 2013 7:35:49 AM org.apache.coyote.AbstractProtocol stop
INFO: Stopping ProtocolHandler ["ajp-bio-8009"]
14 Jan, 2013 7:35:49 AM org.apache.coyote.AbstractProtocol destroy
INFO: Destroying ProtocolHandler ["http-bio-8080"]
14 Jan, 2013 7:35:49 AM org.apache.coyote.AbstractProtocol destroy
INFO: Destroying ProtocolHandler ["ajp-bio-8009"]
14 Jan, 2013 7:35:56 AM org.apache.catalina.core.AprLifecycleListener init
INFO: The APR based Apache Tomcat Native library which allows optimal performance in production environments was not found on the java.library.path: /usr/lib/jvm/java-6-sun-1.6.0.32/jre/lib/amd64/server:/usr/lib/jvm/java-6-sun-1.6.0.32/jre/lib/amd64:/usr/lib/jvm/java-6-sun-1.6.0.32/jre/../lib/amd64:/usr/java/packages/lib/amd64:/usr/lib64:/lib64:/lib:/usr/lib
14 Jan, 2013 7:35:56 AM org.apache.coyote.AbstractProtocol init
INFO: Initializing ProtocolHandler ["http-bio-8080"]
14 Jan, 2013 7:35:56 AM org.apache.coyote.AbstractProtocol init
INFO: Initializing ProtocolHandler ["ajp-bio-8009"]
14 Jan, 2013 7:35:56 AM org.apache.catalina.startup.Catalina load
INFO: Initialization processed in 467 ms
14 Jan, 2013 7:35:56 AM org.apache.catalina.core.StandardService startInternal
INFO: Starting service Catalina
14 Jan, 2013 7:35:56 AM org.apache.catalina.core.StandardEngine startInternal
INFO: Starting Servlet Engine: Apache Tomcat/7.0.32
14 Jan, 2013 7:35:56 AM org.apache.catalina.startup.HostConfig deployWAR
INFO: Deploying web application archive /home/unmesh/work/projects/flightbooking/tools/apache-tomcat-7.0.32/webapps/flightbooking.war
14 Jan, 2013 7:36:00 AM org.springframework.web.servlet.FrameworkServlet initServletBean
INFO: FrameworkServlet 'spring': initialization started
14 Jan, 2013 7:36:00 AM org.springframework.context.support.AbstractApplicationContext prepareRefresh
INFO: Refreshing WebApplicationContext for namespace 'spring-servlet': startup date [Mon Jan 14 07:36:00 EST 2013]; root of context hierarchy
14 Jan, 2013 7:36:00 AM org.springframework.beans.factory.xml.XmlBeanDefinitionReader loadBeanDefinitions
INFO: Loading XML bean definitions from ServletContext resource [/WEB-INF/spring-servlet.xml]
14 Jan, 2013 7:36:00 AM org.springframework.beans.factory.support.DefaultListableBeanFactory preInstantiateSingletons
INFO: Pre-instantiating singletons in org.springframework.beans.factory.support.DefaultListableBeanFactory@7f9480b8: defining beans [searchController,org.springframework.context.annotation.internalConfigurationAnnotationProcessor,org.springframework.context.annotation.internalAutowiredAnnotationProcessor,org.springframework.context.annotation.internalRequiredAnnotationProcessor,org.springframework.context.annotation.internalCommonAnnotationProcessor,viewResolver,freemarkerConfig,org.springframework.context.annotation.ConfigurationClassPostProcessor$ImportAwareBeanPostProcessor#0]; root of factory hierarchy
14 Jan, 2013 7:36:00 AM org.springframework.web.servlet.view.freemarker.FreeMarkerConfigurer postProcessTemplateLoaders
INFO: ClassTemplateLoader for Spring macros added to FreeMarker configuration
14 Jan, 2013 7:36:00 AM org.springframework.web.servlet.handler.AbstractUrlHandlerMapping registerHandler
INFO: Mapped URL path [/index] onto handler 'searchController'
14 Jan, 2013 7:36:00 AM org.springframework.web.servlet.handler.AbstractUrlHandlerMapping registerHandler
INFO: Mapped URL path [/index.*] onto handler 'searchController'
14 Jan, 2013 7:36:00 AM org.springframework.web.servlet.handler.AbstractUrlHandlerMapping registerHandler
INFO: Mapped URL path [/index/] onto handler 'searchController'
14 Jan, 2013 7:36:00 AM org.springframework.web.servlet.FrameworkServlet initServletBean
INFO: FrameworkServlet 'spring': initialization completed in 679 ms
14 Jan, 2013 7:36:00 AM org.apache.catalina.startup.HostConfig deployDirectory
INFO: Deploying web application directory /home/unmesh/work/projects/flightbooking/tools/apache-tomcat-7.0.32/webapps/docs
14 Jan, 2013 7:36:00 AM org.apache.catalina.startup.HostConfig deployDirectory
INFO: Deploying web application directory /home/unmesh/work/projects/flightbooking/tools/apache-tomcat-7.0.32/webapps/examples
14 Jan, 2013 7:36:00 AM org.apache.catalina.startup.HostConfig deployDirectory
INFO: Deploying web application directory /home/unmesh/work/projects/flightbooking/tools/apache-tomcat-7.0.32/webapps/ROOT
14 Jan, 2013 7:36:00 AM org.apache.catalina.startup.HostConfig deployDirectory
INFO: Deploying web application directory /home/unmesh/work/projects/flightbooking/tools/apache-tomcat-7.0.32/webapps/manager
14 Jan, 2013 7:36:01 AM org.apache.catalina.startup.HostConfig deployDirectory
INFO: Deploying web application directory /home/unmesh/work/projects/flightbooking/tools/apache-tomcat-7.0.32/webapps/host-manager
14 Jan, 2013 7:36:01 AM org.apache.coyote.AbstractProtocol start
INFO: Starting ProtocolHandler ["http-bio-8080"]
14 Jan, 2013 7:36:01 AM org.apache.coyote.AbstractProtocol start
INFO: Starting ProtocolHandler ["ajp-bio-8009"]
14 Jan, 2013 7:36:01 AM org.apache.catalina.startup.Catalina start
INFO: Server startup in 4161 ms
14 Jan, 2013 7:36:47 AM org.springframework.web.servlet.DispatcherServlet noHandlerFound
WARNING: No mapping found for HTTP request with URI [/flightbooking/secure/index] in DispatcherServlet with name 'spring'
14 Jan, 2013 7:36:52 AM org.springframework.web.servlet.DispatcherServlet noHandlerFound
WARNING: No mapping found for HTTP request with URI [/flightbooking/secure/] in DispatcherServlet with name 'spring'
14 Jan, 2013 7:36:55 AM org.springframework.web.servlet.DispatcherServlet noHandlerFound
WARNING: No mapping found for HTTP request with URI [/flightbooking/secure] in DispatcherServlet with name 'spring'
14 Jan, 2013 7:37:35 AM org.apache.coyote.AbstractProtocol pause
INFO: Pausing ProtocolHandler ["http-bio-8080"]
14 Jan, 2013 7:37:35 AM org.apache.coyote.AbstractProtocol pause
INFO: Pausing ProtocolHandler ["ajp-bio-8009"]
14 Jan, 2013 7:37:35 AM org.apache.catalina.core.StandardService stopInternal
INFO: Stopping service Catalina
14 Jan, 2013 7:37:35 AM org.springframework.context.support.AbstractApplicationContext doClose
INFO: Closing WebApplicationContext for namespace 'spring-servlet': startup date [Mon Jan 14 07:36:00 EST 2013]; root of context hierarchy
14 Jan, 2013 7:37:35 AM org.springframework.beans.factory.support.DefaultSingletonBeanRegistry destroySingletons
INFO: Destroying singletons in org.springframework.beans.factory.support.DefaultListableBeanFactory@7f9480b8: defining beans [searchController,org.springframework.context.annotation.internalConfigurationAnnotationProcessor,org.springframework.context.annotation.internalAutowiredAnnotationProcessor,org.springframework.context.annotation.internalRequiredAnnotationProcessor,org.springframework.context.annotation.internalCommonAnnotationProcessor,viewResolver,freemarkerConfig,org.springframework.context.annotation.ConfigurationClassPostProcessor$ImportAwareBeanPostProcessor#0]; root of factory hierarchy
14 Jan, 2013 7:37:36 AM org.apache.coyote.AbstractProtocol stop
INFO: Stopping ProtocolHandler ["http-bio-8080"]
14 Jan, 2013 7:37:36 AM org.apache.coyote.AbstractProtocol stop
INFO: Stopping ProtocolHandler ["ajp-bio-8009"]
14 Jan, 2013 7:37:36 AM org.apache.coyote.AbstractProtocol destroy
INFO: Destroying ProtocolHandler ["http-bio-8080"]
14 Jan, 2013 7:37:36 AM org.apache.coyote.AbstractProtocol destroy
INFO: Destroying ProtocolHandler ["ajp-bio-8009"]
